#
# There is insufficient memory for the Java Runtime Environment to continue.
# Native memory allocation (malloc) failed to allocate 4088 bytes for AllocateHeap
# Possible reasons:
#   The system is out of physical RAM or swap space
#   The process is running with CompressedOops enabled, and the Java Heap may be blocking the growth of the native heap
# Possible solutions:
#   Reduce memory load on the system
#   Increase physical memory or swap space
#   Check if swap backing store is full
#   Decrease Java heap size (-Xmx/-Xms)
#   Decrease number of Java threads
#   Decrease Java thread stack sizes (-Xss)
#   Set larger code cache with -XX:ReservedCodeCacheSize=
#   JVM is running with Zero Based Compressed Oops mode in which the Java heap is
#     placed in the first 32GB address space. The Java Heap base address is the
#     maximum limit for the native heap growth. Please use -XX:HeapBaseMinAddress
#     to set the Java Heap base and to place the Java Heap above 32GB virtual address.
# This output file may be truncated or incomplete.
#
#  Out of Memory Error (memory/allocation.inline.hpp:61), pid=13856, tid=0x00000000000025d4
#
# JRE version: Java(TM) SE Runtime Environment (8.0_251-b08) (build 1.8.0_251-b08)
# Java VM: Java HotSpot(TM) 64-Bit Server VM (25.251-b08 mixed mode windows-amd64 compressed oops)
# Failed to write core dump. Minidumps are not enabled by default on client versions of Windows
#

---------------  T H R E A D  ---------------

Current thread (0x000000002ce2b800):  VMThread [stack: 0x000000002d890000,0x000000002d990000] [id=9684]

Stack: [0x000000002d890000,0x000000002d990000]
[error occurred during error reporting (printing stack bounds), id 0xc0000005]

Native frames: (J=compiled Java code, j=interpreted, Vv=VM code, C=native code)

VM_Operation (0x000000002fd9adc0): CollectForMetadataAllocation, mode: safepoint, requested by thread 0x000000002ed04000


---------------  P R O C E S S  ---------------

Java Threads: ( => current thread )
  0x000000003ae78000 JavaThread "Thread-5" [_thread_blocked, id=11160, stack(0x0000000043ce0000,0x0000000043de0000)]
  0x000000003ae77000 JavaThread "Thread-6" [_thread_blocked, id=3372, stack(0x0000000043be0000,0x0000000043ce0000)]
  0x0000000042191800 JavaThread "FX Access Thread (Visual Debugger)" daemon [_thread_blocked, id=13800, stack(0x0000000043090000,0x0000000043190000)]
  0x000000003a92c000 JavaThread "Prism Font Disposer" daemon [_thread_blocked, id=10408, stack(0x0000000041fc0000,0x00000000420c0000)]
  0x000000002ee0b800 JavaThread "JavaFX-Launcher" [_thread_blocked, id=3808, stack(0x0000000038620000,0x0000000038720000)]
  0x000000002ed92000 JavaThread "Thread-2" daemon [_thread_blocked, id=11208, stack(0x0000000038520000,0x0000000038620000)]
  0x000000002ed04000 JavaThread "JavaFX Application Thread" [_thread_blocked, id=11576, stack(0x000000002fca0000,0x000000002fda0000)]
  0x000000002ec92000 JavaThread "Thread-1" daemon [_thread_blocked, id=8892, stack(0x000000002fba0000,0x000000002fca0000)]
  0x000000002ec8a000 JavaThread "QuantumRenderer-0" daemon [_thread_blocked, id=15132, stack(0x000000002f370000,0x000000002f470000)]
  0x000000002cf3b000 JavaThread "Service Thread" daemon [_thread_blocked, id=8312, stack(0x000000002e7b0000,0x000000002e8b0000)]
  0x000000002cea3800 JavaThread "C1 CompilerThread3" daemon [_thread_blocked, id=12276, stack(0x000000002e6b0000,0x000000002e7b0000)]
  0x000000002cea3000 JavaThread "C2 CompilerThread2" daemon [_thread_blocked, id=1268, stack(0x000000002e5b0000,0x000000002e6b0000)]
  0x000000002ce9c000 JavaThread "C2 CompilerThread1" daemon [_thread_blocked, id=11132, stack(0x000000002e4b0000,0x000000002e5b0000)]
  0x000000002ce9b000 JavaThread "C2 CompilerThread0" daemon [_thread_blocked, id=4840, stack(0x000000002e3b0000,0x000000002e4b0000)]
  0x000000002ce8d800 JavaThread "JDWP Command Reader" daemon [_thread_in_native, id=10740, stack(0x000000002e2b0000,0x000000002e3b0000)]
  0x000000002ce8d000 JavaThread "JDWP Event Helper Thread" daemon [_thread_blocked, id=12384, stack(0x000000002e1b0000,0x000000002e2b0000)]
  0x000000002ce80000 JavaThread "JDWP Transport Listener: dt_shmem" daemon [_thread_blocked, id=15316, stack(0x000000002e0b0000,0x000000002e1b0000)]
  0x000000002ce77800 JavaThread "Attach Listener" daemon [_thread_blocked, id=13652, stack(0x000000002dfb0000,0x000000002e0b0000)]
  0x000000002ce77000 JavaThread "Signal Dispatcher" daemon [_thread_blocked, id=14116, stack(0x000000002deb0000,0x000000002dfb0000)]
  0x000000002ce76000 JavaThread "Surrogate Locker Thread (Concurrent GC)" daemon [_thread_blocked, id=848, stack(0x000000002ddb0000,0x000000002deb0000)]
  0x000000002ce59800 JavaThread "Finalizer" daemon [_thread_blocked, id=14176, stack(0x000000002db90000,0x000000002dc90000)]
  0x000000002ce52800 JavaThread "Reference Handler" daemon [_thread_blocked, id=3820, stack(0x000000002d990000,0x000000002da90000)]
  0x0000000003144000 JavaThread "main" [_thread_blocked, id=8628, stack(0x0000000003040000,0x0000000003140000)]

Other Threads:
=>0x000000002ce2b800 VMThread [stack: 0x000000002d890000,0x000000002d990000] [id=9684]
  0x000000002cf54800 WatcherThread [stack: 0x000000002e8b0000,0x000000002e9b0000] [id=12612]

VM state:at safepoint (normal execution)

VM Mutex/Monitor currently owned by a thread:  ([mutex/lock_event])
[0x00000000031425e0] Threads_lock - owner thread: 0x000000002ce2b800
[0x00000000031429e0] Heap_lock - owner thread: 0x000000002ed04000

heap address: 0x00000005c1200000, size: 8174 MB, Compressed Oops mode: Zero based, Oop shift amount: 3
Narrow klass base: 0x0000000000000000, Narrow klass shift: 3
Compressed class space size: 1073741824 Address: 0x00000007c0000000

Heap:
 garbage-first heap   total 524288K, used 42026K [0x00000005c1200000, 0x00000005c1400800, 0x00000007c0000000)
  region size 2048K, 11 young (22528K), 11 survivors (22528K)
 Metaspace       used 24899K, capacity 26618K, committed 26752K, reserved 1079296K
  class space    used 3509K, capacity 3862K, committed 3968K, reserved 1048576K

Heap Regions: (Y=young(eden), SU=young(survivor), HS=humongous(starts), HC=humongous(continues), CS=collection set, F=free, TS=gc time stamp, PTAMS=previous top-at-mark-start, NTAMS=next top-at-mark-start)
AC   0  O    TS     0 PTAMS 0x00000005c1400000 NTAMS 0x00000005c1400000 space 2048K, 100% used [0x00000005c1200000, 0x00000005c1400000)
AC   0  O    TS     0 PTAMS 0x00000005c1600000 NTAMS 0x00000005c1600000 space 2048K, 100% used [0x00000005c1400000, 0x00000005c1600000)
AC   0  O    TS     0 PTAMS 0x00000005c1800000 NTAMS 0x00000005c1800000 space 2048K, 100% used [0x00000005c1600000, 0x00000005c1800000)
AC   0  O    TS     0 PTAMS 0x00000005c1a00000 NTAMS 0x00000005c1a00000 space 2048K, 100% used [0x00000005c1800000, 0x00000005c1a00000)
AC   0  O    TS     0 PTAMS 0x00000005c1c00000 NTAMS 0x00000005c1c00000 space 2048K, 100% used [0x00000005c1a00000, 0x00000005c1c00000)
AC   0  O    TS     0 PTAMS 0x00000005c1e00000 NTAMS 0x00000005c1e00000 space 2048K, 100% used [0x00000005c1c00000, 0x00000005c1e00000)
AC   0  O    TS     0 PTAMS 0x00000005c2000000 NTAMS 0x00000005c2000000 space 2048K, 100% used [0x00000005c1e00000, 0x00000005c2000000)
AC   0  O    TS     0 PTAMS 0x00000005c2200000 NTAMS 0x00000005c2200000 space 2048K, 100% used [0x00000005c2000000, 0x00000005c2200000)
AC   0  O    TS     1 PTAMS 0x00000005c2337600 NTAMS 0x00000005c2337600 space 2048K,  60% used [0x00000005c2200000, 0x00000005c2400000)
AC   0 HS    TS     0 PTAMS 0x00000005c2400000 NTAMS 0x00000005c2500010 space 2048K,  50% used [0x00000005c2400000, 0x00000005c2600000)
AC   0 HS    TS     0 PTAMS 0x00000005c2600000 NTAMS 0x00000005c2800010 space 4096K,  50% used [0x00000005c2600000, 0x00000005c2a00000)
AC   0 HC    TS     0 PTAMS 0x00000005c2800000 NTAMS 0x00000005c2800000 space 2048K,   0% used [0x00000005c2800000, 0x00000005c2a00000)
AC   0  F    TS     0 PTAMS 0x00000005c2a00000 NTAMS 0x00000005c2a00000 space 2048K,   0% used [0x00000005c2a00000, 0x00000005c2c00000)
AC   0  F    TS     0 PTAMS 0x00000005c2c00000 NTAMS 0x00000005c2c00000 space 2048K,   0% used [0x00000005c2c00000, 0x00000005c2e00000)
AC   0  F    TS     0 PTAMS 0x00000005c2e00000 NTAMS 0x00000005c2e00000 space 2048K,   0% used [0x00000005c2e00000, 0x00000005c3000000)
AC   0  F    TS     0 PTAMS 0x00000005c3000000 NTAMS 0x00000005c3000000 space 2048K,   0% used [0x00000005c3000000, 0x00000005c3200000)
AC   0  F    TS     0 PTAMS 0x00000005c3200000 NTAMS 0x00000005c3200000 space 2048K,   0% used [0x00000005c3200000, 0x00000005c3400000)
AC   0  F    TS     0 PTAMS 0x00000005c3400000 NTAMS 0x00000005c3400000 space 2048K,   0% used [0x00000005c3400000, 0x00000005c3600000)
AC   0  F    TS     0 PTAMS 0x00000005c3600000 NTAMS 0x00000005c3600000 space 2048K,   0% used [0x00000005c3600000, 0x00000005c3800000)
AC   0  F    TS     0 PTAMS 0x00000005c3800000 NTAMS 0x00000005c3800000 space 2048K,   0% used [0x00000005c3800000, 0x00000005c3a00000)
AC   0  F    TS     0 PTAMS 0x00000005c3a00000 NTAMS 0x00000005c3a00000 space 2048K,   0% used [0x00000005c3a00000, 0x00000005c3c00000)
AC   0  F    TS     0 PTAMS 0x00000005c3c00000 NTAMS 0x00000005c3c00000 space 2048K,   0% used [0x00000005c3c00000, 0x00000005c3e00000)
AC   0  F    TS     0 PTAMS 0x00000005c3e00000 NTAMS 0x00000005c3e00000 space 2048K,   0% used [0x00000005c3e00000, 0x00000005c4000000)
AC   0  F    TS     0 PTAMS 0x00000005c4000000 NTAMS 0x00000005c4000000 space 2048K,   0% used [0x00000005c4000000, 0x00000005c4200000)
AC   0  F    TS     0 PTAMS 0x00000005c4200000 NTAMS 0x00000005c4200000 space 2048K,   0% used [0x00000005c4200000, 0x00000005c4400000)
AC   0  F    TS     0 PTAMS 0x00000005c4400000 NTAMS 0x00000005c4400000 space 2048K,   0% used [0x00000005c4400000, 0x00000005c4600000)
AC   0  F    TS     0 PTAMS 0x00000005c4600000 NTAMS 0x00000005c4600000 space 2048K,   0% used [0x00000005c4600000, 0x00000005c4800000)
AC   0  F    TS     0 PTAMS 0x00000005c4800000 NTAMS 0x00000005c4800000 space 2048K,   0% used [0x00000005c4800000, 0x00000005c4a00000)
AC   0  F    TS     0 PTAMS 0x00000005c4a00000 NTAMS 0x00000005c4a00000 space 2048K,   0% used [0x00000005c4a00000, 0x00000005c4c00000)
AC   0  F    TS     0 PTAMS 0x00000005c4c00000 NTAMS 0x00000005c4c00000 space 2048K,   0% used [0x00000005c4c00000, 0x00000005c4e00000)
AC   0  F    TS     0 PTAMS 0x00000005c4e00000 NTAMS 0x00000005c4e00000 space 2048K,   0% used [0x00000005c4e00000, 0x00000005c5000000)
AC   0  F    TS     0 PTAMS 0x00000005c5000000 NTAMS 0x00000005c5000000 space 2048K,   0% used [0x00000005c5000000, 0x00000005c5200000)
AC   0  F    TS     0 PTAMS 0x00000005c5200000 NTAMS 0x00000005c5200000 space 2048K,   0% used [0x00000005c5200000, 0x00000005c5400000)
AC   0  F    TS     0 PTAMS 0x00000005c5400000 NTAMS 0x00000005c5400000 space 2048K,   0% used [0x00000005c5400000, 0x00000005c5600000)
AC   0  F    TS     0 PTAMS 0x00000005c5600000 NTAMS 0x00000005c5600000 space 2048K,   0% used [0x00000005c5600000, 0x00000005c5800000)
AC   0  F    TS     0 PTAMS 0x00000005c5800000 NTAMS 0x00000005c5800000 space 2048K,   0% used [0x00000005c5800000, 0x00000005c5a00000)
AC   0  F    TS     0 PTAMS 0x00000005c5a00000 NTAMS 0x00000005c5a00000 space 2048K,   0% used [0x00000005c5a00000, 0x00000005c5c00000)
AC   0  F    TS     0 PTAMS 0x00000005c5c00000 NTAMS 0x00000005c5c00000 space 2048K,   0% used [0x00000005c5c00000, 0x00000005c5e00000)
AC   0  F    TS     0 PTAMS 0x00000005c5e00000 NTAMS 0x00000005c5e00000 space 2048K,   0% used [0x00000005c5e00000, 0x00000005c6000000)
AC   0  F    TS     0 PTAMS 0x00000005c6000000 NTAMS 0x00000005c6000000 space 2048K,   0% used [0x00000005c6000000, 0x00000005c6200000)
AC   0  F    TS     0 PTAMS 0x00000005c6200000 NTAMS 0x00000005c6200000 space 2048K,   0% used [0x00000005c6200000, 0x00000005c6400000)
AC   0  F    TS     0 PTAMS 0x00000005c6400000 NTAMS 0x00000005c6400000 space 2048K,   0% used [0x00000005c6400000, 0x00000005c6600000)
AC   0  F    TS     0 PTAMS 0x00000005c6600000 NTAMS 0x00000005c6600000 space 2048K,   0% used [0x00000005c6600000, 0x00000005c6800000)
AC   0  F    TS     0 PTAMS 0x00000005c6800000 NTAMS 0x00000005c6800000 space 2048K,   0% used [0x00000005c6800000, 0x00000005c6a00000)
AC   0  F    TS     0 PTAMS 0x00000005c6a00000 NTAMS 0x00000005c6a00000 space 2048K,   0% used [0x00000005c6a00000, 0x00000005c6c00000)
AC   0  F    TS     0 PTAMS 0x00000005c6c00000 NTAMS 0x00000005c6c00000 space 2048K,   0% used [0x00000005c6c00000, 0x00000005c6e00000)
AC   0  F    TS     0 PTAMS 0x00000005c6e00000 NTAMS 0x00000005c6e00000 space 2048K,   0% used [0x00000005c6e00000, 0x00000005c7000000)
AC   0  F    TS     0 PTAMS 0x00000005c7000000 NTAMS 0x00000005c7000000 space 2048K,   0% used [0x00000005c7000000, 0x00000005c7200000)
AC   0  F    TS     0 PTAMS 0x00000005c7200000 NTAMS 0x00000005c7200000 space 2048K,   0% used [0x00000005c7200000, 0x00000005c7400000)
AC   0  F    TS     0 PTAMS 0x00000005c7400000 NTAMS 0x00000005c7400000 space 2048K,   0% used [0x00000005c7400000, 0x00000005c7600000)
AC   0  F    TS     0 PTAMS 0x00000005c7600000 NTAMS 0x00000005c7600000 space 2048K,   0% used [0x00000005c7600000, 0x00000005c7800000)
AC   0  F    TS     0 PTAMS 0x00000005c7800000 NTAMS 0x00000005c7800000 space 2048K,   0% used [0x00000005c7800000, 0x00000005c7a00000)
AC   0  F    TS     0 PTAMS 0x00000005c7a00000 NTAMS 0x00000005c7a00000 space 2048K,   0% used [0x00000005c7a00000, 0x00000005c7c00000)
AC   0  F    TS     0 PTAMS 0x00000005c7c00000 NTAMS 0x00000005c7c00000 space 2048K,   0% used [0x00000005c7c00000, 0x00000005c7e00000)
AC   0  F    TS     0 PTAMS 0x00000005c7e00000 NTAMS 0x00000005c7e00000 space 2048K,   0% used [0x00000005c7e00000, 0x00000005c8000000)
AC   0  F    TS     0 PTAMS 0x00000005c8000000 NTAMS 0x00000005c8000000 space 2048K,   0% used [0x00000005c8000000, 0x00000005c8200000)
AC   0  F    TS     0 PTAMS 0x00000005c8200000 NTAMS 0x00000005c8200000 space 2048K,   0% used [0x00000005c8200000, 0x00000005c8400000)
AC   0  F    TS     0 PTAMS 0x00000005c8400000 NTAMS 0x00000005c8400000 space 2048K,   0% used [0x00000005c8400000, 0x00000005c8600000)
AC   0  F    TS     0 PTAMS 0x00000005c8600000 NTAMS 0x00000005c8600000 space 2048K,   0% used [0x00000005c8600000, 0x00000005c8800000)
AC   0  F    TS     0 PTAMS 0x00000005c8800000 NTAMS 0x00000005c8800000 space 2048K,   0% used [0x00000005c8800000, 0x00000005c8a00000)
AC   0  F    TS     0 PTAMS 0x00000005c8a00000 NTAMS 0x00000005c8a00000 space 2048K,   0% used [0x00000005c8a00000, 0x00000005c8c00000)
AC   0  F    TS     0 PTAMS 0x00000005c8c00000 NTAMS 0x00000005c8c00000 space 2048K,   0% used [0x00000005c8c00000, 0x00000005c8e00000)
AC   0  F    TS     0 PTAMS 0x00000005c8e00000 NTAMS 0x00000005c8e00000 space 2048K,   0% used [0x00000005c8e00000, 0x00000005c9000000)
AC   0  F    TS     0 PTAMS 0x00000005c9000000 NTAMS 0x00000005c9000000 space 2048K,   0% used [0x00000005c9000000, 0x00000005c9200000)
AC   0  F    TS     0 PTAMS 0x00000005c9200000 NTAMS 0x00000005c9200000 space 2048K,   0% used [0x00000005c9200000, 0x00000005c9400000)
AC   0  F    TS     0 PTAMS 0x00000005c9400000 NTAMS 0x00000005c9400000 space 2048K,   0% used [0x00000005c9400000, 0x00000005c9600000)
AC   0  F    TS     0 PTAMS 0x00000005c9600000 NTAMS 0x00000005c9600000 space 2048K,   0% used [0x00000005c9600000, 0x00000005c9800000)
AC   0  F    TS     0 PTAMS 0x00000005c9800000 NTAMS 0x00000005c9800000 space 2048K,   0% used [0x00000005c9800000, 0x00000005c9a00000)
AC   0  F    TS     0 PTAMS 0x00000005c9a00000 NTAMS 0x00000005c9a00000 space 2048K,   0% used [0x00000005c9a00000, 0x00000005c9c00000)
AC   0  F    TS     0 PTAMS 0x00000005c9c00000 NTAMS 0x00000005c9c00000 space 2048K,   0% used [0x00000005c9c00000, 0x00000005c9e00000)
AC   0  F    TS     0 PTAMS 0x00000005c9e00000 NTAMS 0x00000005c9e00000 space 2048K,   0% used [0x00000005c9e00000, 0x00000005ca000000)
AC   0  F    TS     0 PTAMS 0x00000005ca000000 NTAMS 0x00000005ca000000 space 2048K,   0% used [0x00000005ca000000, 0x00000005ca200000)
AC   0  F    TS     0 PTAMS 0x00000005ca200000 NTAMS 0x00000005ca200000 space 2048K,   0% used [0x00000005ca200000, 0x00000005ca400000)
AC   0  F    TS     0 PTAMS 0x00000005ca400000 NTAMS 0x00000005ca400000 space 2048K,   0% used [0x00000005ca400000, 0x00000005ca600000)
AC   0  F    TS     0 PTAMS 0x00000005ca600000 NTAMS 0x00000005ca600000 space 2048K,   0% used [0x00000005ca600000, 0x00000005ca800000)
AC   0  F    TS     0 PTAMS 0x00000005ca800000 NTAMS 0x00000005ca800000 space 2048K,   0% used [0x00000005ca800000, 0x00000005caa00000)
AC   0  F    TS     0 PTAMS 0x00000005caa00000 NTAMS 0x00000005caa00000 space 2048K,   0% used [0x00000005caa00000, 0x00000005cac00000)
AC   0  F    TS     0 PTAMS 0x00000005cac00000 NTAMS 0x00000005cac00000 space 2048K,   0% used [0x00000005cac00000, 0x00000005cae00000)
AC   0  F    TS     0 PTAMS 0x00000005cae00000 NTAMS 0x00000005cae00000 space 2048K,   0% used [0x00000005cae00000, 0x00000005cb000000)
AC   0  F    TS     0 PTAMS 0x00000005cb000000 NTAMS 0x00000005cb000000 space 2048K,   0% used [0x00000005cb000000, 0x00000005cb200000)
AC   0  F    TS     0 PTAMS 0x00000005cb200000 NTAMS 0x00000005cb200000 space 2048K,   0% used [0x00000005cb200000, 0x00000005cb400000)
AC   0  F    TS     0 PTAMS 0x00000005cb400000 NTAMS 0x00000005cb400000 space 2048K,   0% used [0x00000005cb400000, 0x00000005cb600000)
AC   0  F    TS     0 PTAMS 0x00000005cb600000 NTAMS 0x00000005cb600000 space 2048K,   0% used [0x00000005cb600000, 0x00000005cb800000)
AC   0  F    TS     0 PTAMS 0x00000005cb800000 NTAMS 0x00000005cb800000 space 2048K,   0% used [0x00000005cb800000, 0x00000005cba00000)
AC   0  F    TS     0 PTAMS 0x00000005cba00000 NTAMS 0x00000005cba00000 space 2048K,   0% used [0x00000005cba00000, 0x00000005cbc00000)
AC   0  F    TS     0 PTAMS 0x00000005cbc00000 NTAMS 0x00000005cbc00000 space 2048K,   0% used [0x00000005cbc00000, 0x00000005cbe00000)
AC   0  F    TS     0 PTAMS 0x00000005cbe00000 NTAMS 0x00000005cbe00000 space 2048K,   0% used [0x00000005cbe00000, 0x00000005cc000000)
AC   0  F    TS     0 PTAMS 0x00000005cc000000 NTAMS 0x00000005cc000000 space 2048K,   0% used [0x00000005cc000000, 0x00000005cc200000)
AC   0  F    TS     0 PTAMS 0x00000005cc200000 NTAMS 0x00000005cc200000 space 2048K,   0% used [0x00000005cc200000, 0x00000005cc400000)
AC   0  F    TS     0 PTAMS 0x00000005cc400000 NTAMS 0x00000005cc400000 space 2048K,   0% used [0x00000005cc400000, 0x00000005cc600000)
AC   0  F    TS     0 PTAMS 0x00000005cc600000 NTAMS 0x00000005cc600000 space 2048K,   0% used [0x00000005cc600000, 0x00000005cc800000)
AC   0  F    TS     0 PTAMS 0x00000005cc800000 NTAMS 0x00000005cc800000 space 2048K,   0% used [0x00000005cc800000, 0x00000005cca00000)
AC   0  F    TS     0 PTAMS 0x00000005cca00000 NTAMS 0x00000005cca00000 space 2048K,   0% used [0x00000005cca00000, 0x00000005ccc00000)
AC   0  F    TS     0 PTAMS 0x00000005ccc00000 NTAMS 0x00000005ccc00000 space 2048K,   0% used [0x00000005ccc00000, 0x00000005cce00000)
AC   0  F    TS     0 PTAMS 0x00000005cce00000 NTAMS 0x00000005cce00000 space 2048K,   0% used [0x00000005cce00000, 0x00000005cd000000)
AC   0  F    TS     0 PTAMS 0x00000005cd000000 NTAMS 0x00000005cd000000 space 2048K,   0% used [0x00000005cd000000, 0x00000005cd200000)
AC   0  F    TS     0 PTAMS 0x00000005cd200000 NTAMS 0x00000005cd200000 space 2048K,   0% used [0x00000005cd200000, 0x00000005cd400000)
AC   0  F    TS     0 PTAMS 0x00000005cd400000 NTAMS 0x00000005cd400000 space 2048K,   0% used [0x00000005cd400000, 0x00000005cd600000)
AC   0  F    TS     0 PTAMS 0x00000005cd600000 NTAMS 0x00000005cd600000 space 2048K,   0% used [0x00000005cd600000, 0x00000005cd800000)
AC   0  F    TS     0 PTAMS 0x00000005cd800000 NTAMS 0x00000005cd800000 space 2048K,   0% used [0x00000005cd800000, 0x00000005cda00000)
AC   0  F    TS     0 PTAMS 0x00000005cda00000 NTAMS 0x00000005cda00000 space 2048K,   0% used [0x00000005cda00000, 0x00000005cdc00000)
AC   0  F    TS     0 PTAMS 0x00000005cdc00000 NTAMS 0x00000005cdc00000 space 2048K,   0% used [0x00000005cdc00000, 0x00000005cde00000)
AC   0  F    TS     0 PTAMS 0x00000005cde00000 NTAMS 0x00000005cde00000 space 2048K,   0% used [0x00000005cde00000, 0x00000005ce000000)
AC   0  F    TS     0 PTAMS 0x00000005ce000000 NTAMS 0x00000005ce000000 space 2048K,   0% used [0x00000005ce000000, 0x00000005ce200000)
AC   0  F    TS     0 PTAMS 0x00000005ce200000 NTAMS 0x00000005ce200000 space 2048K,   0% used [0x00000005ce200000, 0x00000005ce400000)
AC   0  F    TS     0 PTAMS 0x00000005ce400000 NTAMS 0x00000005ce400000 space 2048K,   0% used [0x00000005ce400000, 0x00000005ce600000)
AC   0  F    TS     0 PTAMS 0x00000005ce600000 NTAMS 0x00000005ce600000 space 2048K,   0% used [0x00000005ce600000, 0x00000005ce800000)
AC   0  F    TS     0 PTAMS 0x00000005ce800000 NTAMS 0x00000005ce800000 space 2048K,   0% used [0x00000005ce800000, 0x00000005cea00000)
AC   0  F    TS     0 PTAMS 0x00000005cea00000 NTAMS 0x00000005cea00000 space 2048K,   0% used [0x00000005cea00000, 0x00000005cec00000)
AC   0  F    TS     0 PTAMS 0x00000005cec00000 NTAMS 0x00000005cec00000 space 2048K,   0% used [0x00000005cec00000, 0x00000005cee00000)
AC   0  F    TS     0 PTAMS 0x00000005cee00000 NTAMS 0x00000005cee00000 space 2048K,   0% used [0x00000005cee00000, 0x00000005cf000000)
AC   0  F    TS     0 PTAMS 0x00000005cf000000 NTAMS 0x00000005cf000000 space 2048K,   0% used [0x00000005cf000000, 0x00000005cf200000)
AC   0  F    TS     0 PTAMS 0x00000005cf200000 NTAMS 0x00000005cf200000 space 2048K,   0% used [0x00000005cf200000, 0x00000005cf400000)
AC   0  F    TS     0 PTAMS 0x00000005cf400000 NTAMS 0x00000005cf400000 space 2048K,   0% used [0x00000005cf400000, 0x00000005cf600000)
AC   0  F    TS     0 PTAMS 0x00000005cf600000 NTAMS 0x00000005cf600000 space 2048K,   0% used [0x00000005cf600000, 0x00000005cf800000)
AC   0  F    TS     0 PTAMS 0x00000005cf800000 NTAMS 0x00000005cf800000 space 2048K,   0% used [0x00000005cf800000, 0x00000005cfa00000)
AC   0  F    TS     0 PTAMS 0x00000005cfa00000 NTAMS 0x00000005cfa00000 space 2048K,   0% used [0x00000005cfa00000, 0x00000005cfc00000)
AC   0  F    TS     0 PTAMS 0x00000005cfc00000 NTAMS 0x00000005cfc00000 space 2048K,   0% used [0x00000005cfc00000, 0x00000005cfe00000)
AC   0  F    TS     0 PTAMS 0x00000005cfe00000 NTAMS 0x00000005cfe00000 space 2048K,   0% used [0x00000005cfe00000, 0x00000005d0000000)
AC   0  F    TS     0 PTAMS 0x00000005d0000000 NTAMS 0x00000005d0000000 space 2048K,   0% used [0x00000005d0000000, 0x00000005d0200000)
AC   0  F    TS     0 PTAMS 0x00000005d0200000 NTAMS 0x00000005d0200000 space 2048K,   0% used [0x00000005d0200000, 0x00000005d0400000)
AC   0  F    TS     0 PTAMS 0x00000005d0400000 NTAMS 0x00000005d0400000 space 2048K,   0% used [0x00000005d0400000, 0x00000005d0600000)
AC   0  F    TS     0 PTAMS 0x00000005d0600000 NTAMS 0x00000005d0600000 space 2048K,   0% used [0x00000005d0600000, 0x00000005d0800000)
AC   0  F    TS     0 PTAMS 0x00000005d0800000 NTAMS 0x00000005d0800000 space 2048K,   0% used [0x00000005d0800000, 0x00000005d0a00000)
AC   0  F    TS     0 PTAMS 0x00000005d0a00000 NTAMS 0x00000005d0a00000 space 2048K,   0% used [0x00000005d0a00000, 0x00000005d0c00000)
AC   0  F    TS     0 PTAMS 0x00000005d0c00000 NTAMS 0x00000005d0c00000 space 2048K,   0% used [0x00000005d0c00000, 0x00000005d0e00000)
AC   0  F    TS     0 PTAMS 0x00000005d0e00000 NTAMS 0x00000005d0e00000 space 2048K,   0% used [0x00000005d0e00000, 0x00000005d1000000)
AC   0  F    TS     0 PTAMS 0x00000005d1000000 NTAMS 0x00000005d1000000 space 2048K,   0% used [0x00000005d1000000, 0x00000005d1200000)
AC   0  F    TS     0 PTAMS 0x00000005d1200000 NTAMS 0x00000005d1200000 space 2048K,   0% used [0x00000005d1200000, 0x00000005d1400000)
AC   0  F    TS     0 PTAMS 0x00000005d1400000 NTAMS 0x00000005d1400000 space 2048K,   0% used [0x00000005d1400000, 0x00000005d1600000)
AC   0  F    TS     0 PTAMS 0x00000005d1600000 NTAMS 0x00000005d1600000 space 2048K,   0% used [0x00000005d1600000, 0x00000005d1800000)
AC   0  F    TS     0 PTAMS 0x00000005d1800000 NTAMS 0x00000005d1800000 space 2048K,   0% used [0x00000005d1800000, 0x00000005d1a00000)
AC   0  F    TS     0 PTAMS 0x00000005d1a00000 NTAMS 0x00000005d1a00000 space 2048K,   0% used [0x00000005d1a00000, 0x00000005d1c00000)
AC   0  F    TS     0 PTAMS 0x00000005d1c00000 NTAMS 0x00000005d1c00000 space 2048K,   0% used [0x00000005d1c00000, 0x00000005d1e00000)
AC   0  F    TS     0 PTAMS 0x00000005d1e00000 NTAMS 0x00000005d1e00000 space 2048K,   0% used [0x00000005d1e00000, 0x00000005d2000000)
AC   0  F    TS     0 PTAMS 0x00000005d2000000 NTAMS 0x00000005d2000000 space 2048K,   0% used [0x00000005d2000000, 0x00000005d2200000)
AC   0  F    TS     0 PTAMS 0x00000005d2200000 NTAMS 0x00000005d2200000 space 2048K,   0% used [0x00000005d2200000, 0x00000005d2400000)
AC   0  F    TS     0 PTAMS 0x00000005d2400000 NTAMS 0x00000005d2400000 space 2048K,   0% used [0x00000005d2400000, 0x00000005d2600000)
AC   0  F    TS     0 PTAMS 0x00000005d2600000 NTAMS 0x00000005d2600000 space 2048K,   0% used [0x00000005d2600000, 0x00000005d2800000)
AC   0  F    TS     0 PTAMS 0x00000005d2800000 NTAMS 0x00000005d2800000 space 2048K,   0% used [0x00000005d2800000, 0x00000005d2a00000)
AC   0  F    TS     0 PTAMS 0x00000005d2a00000 NTAMS 0x00000005d2a00000 space 2048K,   0% used [0x00000005d2a00000, 0x00000005d2c00000)
AC   0  F    TS     0 PTAMS 0x00000005d2c00000 NTAMS 0x00000005d2c00000 space 2048K,   0% used [0x00000005d2c00000, 0x00000005d2e00000)
AC   0  F    TS     0 PTAMS 0x00000005d2e00000 NTAMS 0x00000005d2e00000 space 2048K,   0% used [0x00000005d2e00000, 0x00000005d3000000)
AC   0  F    TS     0 PTAMS 0x00000005d3000000 NTAMS 0x00000005d3000000 space 2048K,   0% used [0x00000005d3000000, 0x00000005d3200000)
AC   0  F    TS     0 PTAMS 0x00000005d3200000 NTAMS 0x00000005d3200000 space 2048K,   0% used [0x00000005d3200000, 0x00000005d3400000)
AC   0  F    TS     0 PTAMS 0x00000005d3400000 NTAMS 0x00000005d3400000 space 2048K,   0% used [0x00000005d3400000, 0x00000005d3600000)
AC   0  F    TS     0 PTAMS 0x00000005d3600000 NTAMS 0x00000005d3600000 space 2048K,   0% used [0x00000005d3600000, 0x00000005d3800000)
AC   0  F    TS     0 PTAMS 0x00000005d3800000 NTAMS 0x00000005d3800000 space 2048K,   0% used [0x00000005d3800000, 0x00000005d3a00000)
AC   0  F    TS     0 PTAMS 0x00000005d3a00000 NTAMS 0x00000005d3a00000 space 2048K,   0% used [0x00000005d3a00000, 0x00000005d3c00000)
AC   0  F    TS     0 PTAMS 0x00000005d3c00000 NTAMS 0x00000005d3c00000 space 2048K,   0% used [0x00000005d3c00000, 0x00000005d3e00000)
AC   0  F    TS     0 PTAMS 0x00000005d3e00000 NTAMS 0x00000005d3e00000 space 2048K,   0% used [0x00000005d3e00000, 0x00000005d4000000)
AC   0  F    TS     0 PTAMS 0x00000005d4000000 NTAMS 0x00000005d4000000 space 2048K,   0% used [0x00000005d4000000, 0x00000005d4200000)
AC   0  F    TS     0 PTAMS 0x00000005d4200000 NTAMS 0x00000005d4200000 space 2048K,   0% used [0x00000005d4200000, 0x00000005d4400000)
AC   0  F    TS     0 PTAMS 0x00000005d4400000 NTAMS 0x00000005d4400000 space 2048K,   0% used [0x00000005d4400000, 0x00000005d4600000)
AC   0  F    TS     0 PTAMS 0x00000005d4600000 NTAMS 0x00000005d4600000 space 2048K,   0% used [0x00000005d4600000, 0x00000005d4800000)
AC   0  F    TS     0 PTAMS 0x00000005d4800000 NTAMS 0x00000005d4800000 space 2048K,   0% used [0x00000005d4800000, 0x00000005d4a00000)
AC   0  F    TS     0 PTAMS 0x00000005d4a00000 NTAMS 0x00000005d4a00000 space 2048K,   0% used [0x00000005d4a00000, 0x00000005d4c00000)
AC   0  F    TS     0 PTAMS 0x00000005d4c00000 NTAMS 0x00000005d4c00000 space 2048K,   0% used [0x00000005d4c00000, 0x00000005d4e00000)
AC   0  F    TS     0 PTAMS 0x00000005d4e00000 NTAMS 0x00000005d4e00000 space 2048K,   0% used [0x00000005d4e00000, 0x00000005d5000000)
AC   0  F    TS     0 PTAMS 0x00000005d5000000 NTAMS 0x00000005d5000000 space 2048K,   0% used [0x00000005d5000000, 0x00000005d5200000)
AC   0  F    TS     0 PTAMS 0x00000005d5200000 NTAMS 0x00000005d5200000 space 2048K,   0% used [0x00000005d5200000, 0x00000005d5400000)
AC   0  F    TS     0 PTAMS 0x00000005d5400000 NTAMS 0x00000005d5400000 space 2048K,   0% used [0x00000005d5400000, 0x00000005d5600000)
AC   0  F    TS     0 PTAMS 0x00000005d5600000 NTAMS 0x00000005d5600000 space 2048K,   0% used [0x00000005d5600000, 0x00000005d5800000)
AC   0  F    TS     0 PTAMS 0x00000005d5800000 NTAMS 0x00000005d5800000 space 2048K,   0% used [0x00000005d5800000, 0x00000005d5a00000)
AC   0  F    TS     0 PTAMS 0x00000005d5a00000 NTAMS 0x00000005d5a00000 space 2048K,   0% used [0x00000005d5a00000, 0x00000005d5c00000)
AC   0  F    TS     0 PTAMS 0x00000005d5c00000 NTAMS 0x00000005d5c00000 space 2048K,   0% used [0x00000005d5c00000, 0x00000005d5e00000)
AC   0  F    TS     0 PTAMS 0x00000005d5e00000 NTAMS 0x00000005d5e00000 space 2048K,   0% used [0x00000005d5e00000, 0x00000005d6000000)
AC   0  F    TS     0 PTAMS 0x00000005d6000000 NTAMS 0x00000005d6000000 space 2048K,   0% used [0x00000005d6000000, 0x00000005d6200000)
AC   0  F    TS     0 PTAMS 0x00000005d6200000 NTAMS 0x00000005d6200000 space 2048K,   0% used [0x00000005d6200000, 0x00000005d6400000)
AC   0  F    TS     0 PTAMS 0x00000005d6400000 NTAMS 0x00000005d6400000 space 2048K,   0% used [0x00000005d6400000, 0x00000005d6600000)
AC   0  F    TS     0 PTAMS 0x00000005d6600000 NTAMS 0x00000005d6600000 space 2048K,   0% used [0x00000005d6600000, 0x00000005d6800000)
AC   0  F    TS     0 PTAMS 0x00000005d6800000 NTAMS 0x00000005d6800000 space 2048K,   0% used [0x00000005d6800000, 0x00000005d6a00000)
AC   0  F    TS     0 PTAMS 0x00000005d6a00000 NTAMS 0x00000005d6a00000 space 2048K,   0% used [0x00000005d6a00000, 0x00000005d6c00000)
AC   0  F    TS     0 PTAMS 0x00000005d6c00000 NTAMS 0x00000005d6c00000 space 2048K,   0% used [0x00000005d6c00000, 0x00000005d6e00000)
AC   0  F    TS     0 PTAMS 0x00000005d6e00000 NTAMS 0x00000005d6e00000 space 2048K,   0% used [0x00000005d6e00000, 0x00000005d7000000)
AC   0  F    TS     0 PTAMS 0x00000005d7000000 NTAMS 0x00000005d7000000 space 2048K,   0% used [0x00000005d7000000, 0x00000005d7200000)
AC   0  F    TS     0 PTAMS 0x00000005d7200000 NTAMS 0x00000005d7200000 space 2048K,   0% used [0x00000005d7200000, 0x00000005d7400000)
AC   0  F    TS     0 PTAMS 0x00000005d7400000 NTAMS 0x00000005d7400000 space 2048K,   0% used [0x00000005d7400000, 0x00000005d7600000)
AC   0  F    TS     0 PTAMS 0x00000005d7600000 NTAMS 0x00000005d7600000 space 2048K,   0% used [0x00000005d7600000, 0x00000005d7800000)
AC   0  F    TS     0 PTAMS 0x00000005d7800000 NTAMS 0x00000005d7800000 space 2048K,   0% used [0x00000005d7800000, 0x00000005d7a00000)
AC   0  F    TS     0 PTAMS 0x00000005d7a00000 NTAMS 0x00000005d7a00000 space 2048K,   0% used [0x00000005d7a00000, 0x00000005d7c00000)
AC   0  F    TS     0 PTAMS 0x00000005d7c00000 NTAMS 0x00000005d7c00000 space 2048K,   0% used [0x00000005d7c00000, 0x00000005d7e00000)
AC   0  F    TS     0 PTAMS 0x00000005d7e00000 NTAMS 0x00000005d7e00000 space 2048K,   0% used [0x00000005d7e00000, 0x00000005d8000000)
AC   0  F    TS     0 PTAMS 0x00000005d8000000 NTAMS 0x00000005d8000000 space 2048K,   0% used [0x00000005d8000000, 0x00000005d8200000)
AC   0  F    TS     0 PTAMS 0x00000005d8200000 NTAMS 0x00000005d8200000 space 2048K,   0% used [0x00000005d8200000, 0x00000005d8400000)
AC   0  F    TS     0 PTAMS 0x00000005d8400000 NTAMS 0x00000005d8400000 space 2048K,   0% used [0x00000005d8400000, 0x00000005d8600000)
AC   0  F    TS     0 PTAMS 0x00000005d8600000 NTAMS 0x00000005d8600000 space 2048K,   0% used [0x00000005d8600000, 0x00000005d8800000)
AC   0  F    TS     0 PTAMS 0x00000005d8800000 NTAMS 0x00000005d8800000 space 2048K,   0% used [0x00000005d8800000, 0x00000005d8a00000)
AC   0  F    TS     0 PTAMS 0x00000005d8a00000 NTAMS 0x00000005d8a00000 space 2048K,   0% used [0x00000005d8a00000, 0x00000005d8c00000)
AC   0  F    TS     0 PTAMS 0x00000005d8c00000 NTAMS 0x00000005d8c00000 space 2048K,   0% used [0x00000005d8c00000, 0x00000005d8e00000)
AC   0  F    TS     0 PTAMS 0x00000005d8e00000 NTAMS 0x00000005d8e00000 space 2048K,   0% used [0x00000005d8e00000, 0x00000005d9000000)
AC   0  F    TS     0 PTAMS 0x00000005d9000000 NTAMS 0x00000005d9000000 space 2048K,   0% used [0x00000005d9000000, 0x00000005d9200000)
AC   0  F    TS     0 PTAMS 0x00000005d9200000 NTAMS 0x00000005d9200000 space 2048K,   0% used [0x00000005d9200000, 0x00000005d9400000)
AC   0  F    TS     0 PTAMS 0x00000005d9400000 NTAMS 0x00000005d9400000 space 2048K,   0% used [0x00000005d9400000, 0x00000005d9600000)
AC   0  F    TS     0 PTAMS 0x00000005d9600000 NTAMS 0x00000005d9600000 space 2048K,   0% used [0x00000005d9600000, 0x00000005d9800000)
AC   0  F    TS     0 PTAMS 0x00000005d9800000 NTAMS 0x00000005d9800000 space 2048K,   0% used [0x00000005d9800000, 0x00000005d9a00000)
AC   0  F    TS     0 PTAMS 0x00000005d9a00000 NTAMS 0x00000005d9a00000 space 2048K,   0% used [0x00000005d9a00000, 0x00000005d9c00000)
AC   0  F    TS     0 PTAMS 0x00000005d9c00000 NTAMS 0x00000005d9c00000 space 2048K,   0% used [0x00000005d9c00000, 0x00000005d9e00000)
AC   0  F    TS     0 PTAMS 0x00000005d9e00000 NTAMS 0x00000005d9e00000 space 2048K,   0% used [0x00000005d9e00000, 0x00000005da000000)
AC   0  S    TS     1 PTAMS 0x00000005da000000 NTAMS 0x00000005da000000 space 2048K,  41% used [0x00000005da000000, 0x00000005da200000)
AC   0  S    TS     1 PTAMS 0x00000005da200000 NTAMS 0x00000005da200000 space 2048K, 100% used [0x00000005da200000, 0x00000005da400000)
AC   0  S    TS     1 PTAMS 0x00000005da400000 NTAMS 0x00000005da400000 space 2048K, 100% used [0x00000005da400000, 0x00000005da600000)
AC   0  S    TS     1 PTAMS 0x00000005da600000 NTAMS 0x00000005da600000 space 2048K, 100% used [0x00000005da600000, 0x00000005da800000)
AC   0  S    TS     1 PTAMS 0x00000005da800000 NTAMS 0x00000005da800000 space 2048K, 100% used [0x00000005da800000, 0x00000005daa00000)
AC   0  S    TS     1 PTAMS 0x00000005daa00000 NTAMS 0x00000005daa00000 space 2048K, 100% used [0x00000005daa00000, 0x00000005dac00000)
AC   0  S    TS     1 PTAMS 0x00000005dac00000 NTAMS 0x00000005dac00000 space 2048K, 100% used [0x00000005dac00000, 0x00000005dae00000)
AC   0  S    TS     1 PTAMS 0x00000005dae00000 NTAMS 0x00000005dae00000 space 2048K, 100% used [0x00000005dae00000, 0x00000005db000000)
AC   0  S    TS     1 PTAMS 0x00000005db000000 NTAMS 0x00000005db000000 space 2048K, 100% used [0x00000005db000000, 0x00000005db200000)
AC   0  S    TS     1 PTAMS 0x00000005db200000 NTAMS 0x00000005db200000 space 2048K, 100% used [0x00000005db200000, 0x00000005db400000)
AC   0  S    TS     1 PTAMS 0x00000005db400000 NTAMS 0x00000005db400000 space 2048K, 100% used [0x00000005db400000, 0x00000005db600000)
AC   0  F    TS     0 PTAMS 0x00000005db600000 NTAMS 0x00000005db600000 space 2048K,   0% used [0x00000005db600000, 0x00000005db800000)
AC   0  F    TS     0 PTAMS 0x00000005db800000 NTAMS 0x00000005db800000 space 2048K,   0% used [0x00000005db800000, 0x00000005dba00000)
AC   0  F    TS     0 PTAMS 0x00000005dba00000 NTAMS 0x00000005dba00000 space 2048K,   0% used [0x00000005dba00000, 0x00000005dbc00000)
AC   0  F    TS     0 PTAMS 0x00000005dbc00000 NTAMS 0x00000005dbc00000 space 2048K,   0% used [0x00000005dbc00000, 0x00000005dbe00000)
AC   0  F    TS     0 PTAMS 0x00000005dbe00000 NTAMS 0x00000005dbe00000 space 2048K,   0% used [0x00000005dbe00000, 0x00000005dc000000)
AC   0  F    TS     0 PTAMS 0x00000005dc000000 NTAMS 0x00000005dc000000 space 2048K,   0% used [0x00000005dc000000, 0x00000005dc200000)
AC   0  F    TS     0 PTAMS 0x00000005dc200000 NTAMS 0x00000005dc200000 space 2048K,   0% used [0x00000005dc200000, 0x00000005dc400000)
AC   0  F    TS     0 PTAMS 0x00000005dc400000 NTAMS 0x00000005dc400000 space 2048K,   0% used [0x00000005dc400000, 0x00000005dc600000)
AC   0  F    TS     0 PTAMS 0x00000005dc600000 NTAMS 0x00000005dc600000 space 2048K,   0% used [0x00000005dc600000, 0x00000005dc800000)
AC   0  F    TS     0 PTAMS 0x00000005dc800000 NTAMS 0x00000005dc800000 space 2048K,   0% used [0x00000005dc800000, 0x00000005dca00000)
AC   0  F    TS     0 PTAMS 0x00000005dca00000 NTAMS 0x00000005dca00000 space 2048K,   0% used [0x00000005dca00000, 0x00000005dcc00000)
AC   0  F    TS     0 PTAMS 0x00000005dcc00000 NTAMS 0x00000005dcc00000 space 2048K,   0% used [0x00000005dcc00000, 0x00000005dce00000)
AC   0  F    TS     0 PTAMS 0x00000005dce00000 NTAMS 0x00000005dce00000 space 2048K,   0% used [0x00000005dce00000, 0x00000005dd000000)
AC   0  F    TS     0 PTAMS 0x00000005dd000000 NTAMS 0x00000005dd000000 space 2048K,   0% used [0x00000005dd000000, 0x00000005dd200000)
AC   0  F    TS     0 PTAMS 0x00000005dd200000 NTAMS 0x00000005dd200000 space 2048K,   0% used [0x00000005dd200000, 0x00000005dd400000)
AC   0  F    TS     0 PTAMS 0x00000005dd400000 NTAMS 0x00000005dd400000 space 2048K,   0% used [0x00000005dd400000, 0x00000005dd600000)
AC   0  F    TS     0 PTAMS 0x00000005dd600000 NTAMS 0x00000005dd600000 space 2048K,   0% used [0x00000005dd600000, 0x00000005dd800000)
AC   0  F    TS     0 PTAMS 0x00000005dd800000 NTAMS 0x00000005dd800000 space 2048K,   0% used [0x00000005dd800000, 0x00000005dda00000)
AC   0  F    TS     0 PTAMS 0x00000005dda00000 NTAMS 0x00000005dda00000 space 2048K,   0% used [0x00000005dda00000, 0x00000005ddc00000)
AC   0  F    TS     0 PTAMS 0x00000005ddc00000 NTAMS 0x00000005ddc00000 space 2048K,   0% used [0x00000005ddc00000, 0x00000005dde00000)
AC   0  F    TS     0 PTAMS 0x00000005dde00000 NTAMS 0x00000005dde00000 space 2048K,   0% used [0x00000005dde00000, 0x00000005de000000)
AC   0  F    TS     0 PTAMS 0x00000005de000000 NTAMS 0x00000005de000000 space 2048K,   0% used [0x00000005de000000, 0x00000005de200000)
AC   0  F    TS     0 PTAMS 0x00000005de200000 NTAMS 0x00000005de200000 space 2048K,   0% used [0x00000005de200000, 0x00000005de400000)
AC   0  F    TS     0 PTAMS 0x00000005de400000 NTAMS 0x00000005de400000 space 2048K,   0% used [0x00000005de400000, 0x00000005de600000)
AC   0  F    TS     0 PTAMS 0x00000005de600000 NTAMS 0x00000005de600000 space 2048K,   0% used [0x00000005de600000, 0x00000005de800000)
AC   0  F    TS     0 PTAMS 0x00000005de800000 NTAMS 0x00000005de800000 space 2048K,   0% used [0x00000005de800000, 0x00000005dea00000)
AC   0  F    TS     0 PTAMS 0x00000005dea00000 NTAMS 0x00000005dea00000 space 2048K,   0% used [0x00000005dea00000, 0x00000005dec00000)
AC   0  F    TS     0 PTAMS 0x00000005dec00000 NTAMS 0x00000005dec00000 space 2048K,   0% used [0x00000005dec00000, 0x00000005dee00000)
AC   0  F    TS     0 PTAMS 0x00000005dee00000 NTAMS 0x00000005dee00000 space 2048K,   0% used [0x00000005dee00000, 0x00000005df000000)
AC   0  F    TS     0 PTAMS 0x00000005df000000 NTAMS 0x00000005df000000 space 2048K,   0% used [0x00000005df000000, 0x00000005df200000)
AC   0  F    TS     0 PTAMS 0x00000005df200000 NTAMS 0x00000005df200000 space 2048K,   0% used [0x00000005df200000, 0x00000005df400000)
AC   0  F    TS     0 PTAMS 0x00000005df400000 NTAMS 0x00000005df400000 space 2048K,   0% used [0x00000005df400000, 0x00000005df600000)
AC   0  F    TS     0 PTAMS 0x00000005df600000 NTAMS 0x00000005df600000 space 2048K,   0% used [0x00000005df600000, 0x00000005df800000)
AC   0  F    TS     0 PTAMS 0x00000005df800000 NTAMS 0x00000005df800000 space 2048K,   0% used [0x00000005df800000, 0x00000005dfa00000)
AC   0  F    TS     0 PTAMS 0x00000005dfa00000 NTAMS 0x00000005dfa00000 space 2048K,   0% used [0x00000005dfa00000, 0x00000005dfc00000)
AC   0  F    TS     0 PTAMS 0x00000005dfc00000 NTAMS 0x00000005dfc00000 space 2048K,   0% used [0x00000005dfc00000, 0x00000005dfe00000)
AC   0  F    TS     0 PTAMS 0x00000005dfe00000 NTAMS 0x00000005dfe00000 space 2048K,   0% used [0x00000005dfe00000, 0x00000005e0000000)
AC   0  F    TS     0 PTAMS 0x00000005e0000000 NTAMS 0x00000005e0000000 space 2048K,   0% used [0x00000005e0000000, 0x00000005e0200000)
AC   0  F    TS     0 PTAMS 0x00000005e0200000 NTAMS 0x00000005e0200000 space 2048K,   0% used [0x00000005e0200000, 0x00000005e0400000)
AC   0  F    TS     0 PTAMS 0x00000005e0400000 NTAMS 0x00000005e0400000 space 2048K,   0% used [0x00000005e0400000, 0x00000005e0600000)
AC   0  F    TS     0 PTAMS 0x00000005e0600000 NTAMS 0x00000005e0600000 space 2048K,   0% used [0x00000005e0600000, 0x00000005e0800000)
AC   0  F    TS     0 PTAMS 0x00000005e0800000 NTAMS 0x00000005e0800000 space 2048K,   0% used [0x00000005e0800000, 0x00000005e0a00000)
AC   0  F    TS     0 PTAMS 0x00000005e0a00000 NTAMS 0x00000005e0a00000 space 2048K,   0% used [0x00000005e0a00000, 0x00000005e0c00000)
AC   0  F    TS     0 PTAMS 0x00000005e0c00000 NTAMS 0x00000005e0c00000 space 2048K,   0% used [0x00000005e0c00000, 0x00000005e0e00000)
AC   0  F    TS     0 PTAMS 0x00000005e0e00000 NTAMS 0x00000005e0e00000 space 2048K,   0% used [0x00000005e0e00000, 0x00000005e1000000)
AC   0  F    TS     0 PTAMS 0x00000005e1000000 NTAMS 0x00000005e1000000 space 2048K,   0% used [0x00000005e1000000, 0x00000005e1200000)

Card table byte_map: [0x00000000165b0000,0x00000000175b0000] byte_map_base: 0x00000000137a7000

Marking Bits (Prev, Next): (CMBitMap*) 0x00000000031de220, (CMBitMap*) 0x00000000031de1c8
 Prev Bits: [0x0000000020570000, 0x0000000028528000)
 Next Bits: [0x00000000185b0000, 0x0000000020568000)

Polling page: 0x0000000000dd0000

CodeCache: size=245760Kb used=16012Kb max_used=16316Kb free=229747Kb
 bounds [0x0000000003240000, 0x0000000004250000, 0x0000000012240000]
 total_blobs=5155 nmethods=4436 adapters=638
 compilation: enabled

Compilation events (10 events):
Event: 2900.918 Thread 0x000000002cea3800 4953       3       java.lang.invoke.MethodHandles$Lookup::restrictReceiver (123 bytes)
Event: 2900.920 Thread 0x000000002cea3800 nmethod 4953 0x0000000003be4610 code [0x0000000003be47e0, 0x0000000003be4f78]
Event: 2900.920 Thread 0x000000002cea3800 4954       3       java.util.Locale::equals (75 bytes)
Event: 2900.921 Thread 0x000000002cea3800 nmethod 4954 0x0000000003964790 code [0x0000000003964960, 0x00000000039653b8]
Event: 2900.921 Thread 0x000000002cea3800 4955       3       java.util.Locale::hashCode (41 bytes)
Event: 2900.921 Thread 0x000000002cea3800 nmethod 4955 0x000000000387bc10 code [0x000000000387bda0, 0x000000000387c198]
Event: 2900.946 Thread 0x000000002cea3800 4956       3       javafx.scene.layout.GridPane::requestLayout (90 bytes)
Event: 2900.946 Thread 0x000000002cea3800 nmethod 4956 0x0000000003bb3850 code [0x0000000003bb3a00, 0x0000000003bb4178]
Event: 2901.191 Thread 0x000000002cea3800 4957       3       java.util.WeakHashMap$KeyIterator::next (8 bytes)
Event: 2901.192 Thread 0x000000002cea3800 nmethod 4957 0x0000000003e35750 code [0x0000000003e358e0, 0x0000000003e35ce8]

GC Heap History (9 events):
Event: 2.938 GC heap before
{Heap before GC invocations=0 (full 0):
 garbage-first heap   total 524288K, used 24576K [0x00000005c1200000, 0x00000005c1400800, 0x00000007c0000000)
  region size 2048K, 12 young (24576K), 0 survivors (0K)
 Metaspace       used 13705K, capacity 14280K, committed 14464K, reserved 1062912K
  class space    used 1731K, capacity 1893K, committed 1920K, reserved 1048576K
Event: 2.943 GC heap after
Heap after GC invocations=1 (full 0):
 garbage-first heap   total 524288K, used 4624K [0x00000005c1200000, 0x00000005c1400800, 0x00000007c0000000)
  region size 2048K, 2 young (4096K), 2 survivors (4096K)
 Metaspace       used 13705K, capacity 14280K, committed 14464K, reserved 1062912K
  class space    used 1731K, capacity 1893K, committed 1920K, reserved 1048576K
}
Event: 4.227 GC heap before
{Heap before GC invocations=1 (full 0):
 garbage-first heap   total 524288K, used 39440K [0x00000005c1200000, 0x00000005c1400800, 0x00000007c0000000)
  region size 2048K, 19 young (38912K), 2 survivors (4096K)
 Metaspace       used 16908K, capacity 17748K, committed 17920K, reserved 1064960K
  class space    used 2283K, capacity 2495K, committed 2560K, reserved 1048576K
Event: 4.234 GC heap after
Heap after GC invocations=2 (full 0):
 garbage-first heap   total 524288K, used 23773K [0x00000005c1200000, 0x00000005c1400800, 0x00000007c0000000)
  region size 2048K, 3 young (6144K), 3 survivors (6144K)
 Metaspace       used 16908K, capacity 17748K, committed 17920K, reserved 1064960K
  class space    used 2283K, capacity 2495K, committed 2560K, reserved 1048576K
}
Event: 4.894 GC heap before
{Heap before GC invocations=2 (full 0):
 garbage-first heap   total 524288K, used 44253K [0x00000005c1200000, 0x00000005c1400800, 0x00000007c0000000)
  region size 2048K, 14 young (28672K), 3 survivors (6144K)
 Metaspace       used 20128K, capacity 21144K, committed 21296K, reserved 1067008K
  class space    used 2871K, capacity 3099K, committed 3200K, reserved 1048576K
Event: 4.899 GC heap after
Heap after GC invocations=3 (full 0):
 garbage-first heap   total 524288K, used 26264K [0x00000005c1200000, 0x00000005c1400800, 0x00000007c0000000)
  region size 2048K, 5 young (10240K), 5 survivors (10240K)
 Metaspace       used 20128K, capacity 21144K, committed 21296K, reserved 1067008K
  class space    used 2871K, capacity 3099K, committed 3200K, reserved 1048576K
}
Event: 2901.247 GC heap before
{Heap before GC invocations=4 (full 0):
 garbage-first heap   total 524288K, used 111256K [0x00000005c1200000, 0x00000005c1400800, 0x00000007c0000000)
  region size 2048K, 46 young (94208K), 5 survivors (10240K)
 Metaspace       used 24899K, capacity 26618K, committed 26752K, reserved 1077248K
  class space    used 3509K, capacity 3862K, committed 3968K, reserved 1048576K
Event: 2901.377 GC heap after
Heap after GC invocations=5 (full 0):
 garbage-first heap   total 524288K, used 42026K [0x00000005c1200000, 0x00000005c1400800, 0x00000007c0000000)
  region size 2048K, 11 young (22528K), 11 survivors (22528K)
 Metaspace       used 24899K, capacity 26618K, committed 26752K, reserved 1077248K
  class space    used 3509K, capacity 3862K, committed 3968K, reserved 1048576K
}
Event: 2901.378 GC heap before
{Heap before GC invocations=5 (full 0):
 garbage-first heap   total 524288K, used 42026K [0x00000005c1200000, 0x00000005c1400800, 0x00000007c0000000)
  region size 2048K, 11 young (22528K), 11 survivors (22528K)
 Metaspace       used 24899K, capacity 26618K, committed 26752K, reserved 1079296K
  class space    used 3509K, capacity 3862K, committed 3968K, reserved 1048576K

Deoptimization events (10 events):
Event: 2888.277 Thread 0x000000002ec8a000 Uncommon trap: reason=unstable_if action=reinterpret pc=0x0000000003aaed18 method=com.sun.prism.impl.ps.BaseShaderContext.validatePaintOp(Lcom/sun/prism/impl/ps/BaseShaderGraphics;Lcom/sun/javafx/geom/transform/BaseTransform;Lcom/sun/prism/impl/ps/BaseSha
Event: 2888.283 Thread 0x000000002ec8a000 Uncommon trap: reason=bimorphic action=maybe_recompile pc=0x0000000003d86b0c method=java.util.WeakHashMap.eq(Ljava/lang/Object;Ljava/lang/Object;)Z @ 7
Event: 2888.328 Thread 0x000000002ec8a000 Uncommon trap: reason=unstable_if action=reinterpret pc=0x000000000420dba0 method=com.sun.scenario.effect.impl.ImagePool.checkOut(Lcom/sun/scenario/effect/impl/Renderer;II)Lcom/sun/scenario/effect/impl/PoolFilterable; @ 260
Event: 2888.331 Thread 0x000000002ec8a000 Uncommon trap: reason=bimorphic action=maybe_recompile pc=0x0000000003d86b0c method=java.util.WeakHashMap.eq(Ljava/lang/Object;Ljava/lang/Object;)Z @ 7
Event: 2888.332 Thread 0x000000002ec8a000 Uncommon trap: reason=bimorphic action=maybe_recompile pc=0x0000000003d86b0c method=java.util.WeakHashMap.eq(Ljava/lang/Object;Ljava/lang/Object;)Z @ 7
Event: 2900.688 Thread 0x000000002ed04000 Uncommon trap: reason=class_check action=maybe_recompile pc=0x0000000004197f54 method=com.sun.javafx.event.EventHandlerManager.dispatchCapturingEvent(Ljavafx/event/Event;)Ljavafx/event/Event; @ 1
Event: 2900.749 Thread 0x000000002ed04000 Uncommon trap: reason=unstable_if action=reinterpret pc=0x00000000033eda58 method=java.lang.Enum.equals(Ljava/lang/Object;)Z @ 2
Event: 2901.193 Thread 0x000000002ed04000 Uncommon trap: reason=class_check action=maybe_recompile pc=0x0000000004197f54 method=com.sun.javafx.event.EventHandlerManager.dispatchCapturingEvent(Ljavafx/event/Event;)Ljavafx/event/Event; @ 1
Event: 2901.193 Thread 0x000000002ed04000 Uncommon trap: reason=class_check action=maybe_recompile pc=0x0000000004197f54 method=com.sun.javafx.event.EventHandlerManager.dispatchCapturingEvent(Ljavafx/event/Event;)Ljavafx/event/Event; @ 1
Event: 2901.194 Thread 0x000000002ed04000 Uncommon trap: reason=class_check action=maybe_recompile pc=0x0000000004197f54 method=com.sun.javafx.event.EventHandlerManager.dispatchCapturingEvent(Ljavafx/event/Event;)Ljavafx/event/Event; @ 1

Classes redefined (0 events):
No events

Internal exceptions (10 events):
Event: 4.414 Thread 0x000000002ed04000 Implicit null exception at 0x00000000036b9058 to 0x00000000036b90e6
Event: 4.415 Thread 0x000000002ed04000 Implicit null exception at 0x000000000353ceef to 0x000000000353cf5d
Event: 4.622 Thread 0x000000002ed04000 Implicit null exception at 0x00000000038ebdf1 to 0x00000000038ebed5
Event: 4.625 Thread 0x000000002ed04000 Implicit null exception at 0x0000000003916971 to 0x0000000003917899
Event: 5.136 Thread 0x000000002ed04000 Exception <a 'java/lang/ArrayIndexOutOfBoundsException': 58> (0x00000005e0c8f078) thrown at [C:\jenkins\workspace\8-2-build-windows-amd64-cygwin\jdk8u251\737\hotspot\src\share\vm\interpreter\interpreterRuntime.cpp, line 368]
Event: 5.179 Thread 0x000000002ed04000 Exception <a 'java/lang/ArrayIndexOutOfBoundsException': 78> (0x00000005e0afcf58) thrown at [C:\jenkins\workspace\8-2-build-windows-amd64-cygwin\jdk8u251\737\hotspot\src\share\vm\interpreter\interpreterRuntime.cpp, line 368]
Event: 5.180 Thread 0x000000002ed04000 Exception <a 'java/lang/ArrayIndexOutOfBoundsException': 75> (0x00000005e0b0ee18) thrown at [C:\jenkins\workspace\8-2-build-windows-amd64-cygwin\jdk8u251\737\hotspot\src\share\vm\interpreter\interpreterRuntime.cpp, line 368]
Event: 40.250 Thread 0x000000002ed04000 Exception <a 'java/io/FileNotFoundException'> (0x00000005def170a8) thrown at [C:\jenkins\workspace\8-2-build-windows-amd64-cygwin\jdk8u251\737\hotspot\src\share\vm\prims\jni.cpp, line 710]
Event: 40.260 Thread 0x000000002ed04000 Implicit null exception at 0x00000000036378f1 to 0x0000000003638191
Event: 2901.221 Thread 0x000000002ed04000 Exception <a 'java/io/FileNotFoundException'> (0x00000005db6d0038) thrown at [C:\jenkins\workspace\8-2-build-windows-amd64-cygwin\jdk8u251\737\hotspot\src\share\vm\prims\jni.cpp, line 710]

Events (10 events):
Event: 2901.193 Thread 0x000000002ed04000 Uncommon trap: trap_request=0xffffffde fr.pc=0x0000000004197f54
Event: 2901.193 Thread 0x000000002ed04000 DEOPT PACKING pc=0x0000000004197f54 sp=0x000000002fd9c030
Event: 2901.193 Thread 0x000000002ed04000 DEOPT UNPACKING pc=0x000000000328583b sp=0x000000002fd9c120 mode 2
Event: 2901.193 Thread 0x000000002ed04000 Uncommon trap: trap_request=0xffffffde fr.pc=0x0000000004197f54
Event: 2901.193 Thread 0x000000002ed04000 DEOPT PACKING pc=0x0000000004197f54 sp=0x000000002fd9c030
Event: 2901.194 Thread 0x000000002ed04000 DEOPT UNPACKING pc=0x000000000328583b sp=0x000000002fd9c120 mode 2
Event: 2901.194 Thread 0x000000002ed04000 Uncommon trap: trap_request=0xffffffde fr.pc=0x0000000004197f54
Event: 2901.194 Thread 0x000000002ed04000 DEOPT PACKING pc=0x0000000004197f54 sp=0x000000002fd9bc80
Event: 2901.194 Thread 0x000000002ed04000 DEOPT UNPACKING pc=0x000000000328583b sp=0x000000002fd9bd70 mode 2
Event: 2901.243 Executing VM operation: CollectForMetadataAllocation


Dynamic libraries:
0x00007ff795420000 - 0x00007ff795457000 	C:\Program Files\Java\librerias\jdk\jdk1.8.0_251\bin\java.exe
0x00007ffbe91c0000 - 0x00007ffbe93b0000 	C:\WINDOWS\SYSTEM32\ntdll.dll
0x00007ffbe8820000 - 0x00007ffbe88d2000 	C:\WINDOWS\System32\KERNEL32.DLL
0x00007ffbe62c0000 - 0x00007ffbe6565000 	C:\WINDOWS\System32\KERNELBASE.dll
0x00007ffbe90d0000 - 0x00007ffbe9173000 	C:\WINDOWS\System32\ADVAPI32.dll
0x00007ffbe72a0000 - 0x00007ffbe733e000 	C:\WINDOWS\System32\msvcrt.dll
0x00007ffbe8430000 - 0x00007ffbe84c7000 	C:\WINDOWS\System32\sechost.dll
0x00007ffbe7540000 - 0x00007ffbe765f000 	C:\WINDOWS\System32\RPCRT4.dll
0x00007ffbe73a0000 - 0x00007ffbe7534000 	C:\WINDOWS\System32\USER32.dll
0x00007ffbe7080000 - 0x00007ffbe70a1000 	C:\WINDOWS\System32\win32u.dll
0x00007ffbe76f0000 - 0x00007ffbe7716000 	C:\WINDOWS\System32\GDI32.dll
0x00007ffbe70d0000 - 0x00007ffbe7268000 	C:\WINDOWS\System32\gdi32full.dll
0x00007ffbe6df0000 - 0x00007ffbe6e8e000 	C:\WINDOWS\System32\msvcp_win.dll
0x00007ffbe6f80000 - 0x00007ffbe707a000 	C:\WINDOWS\System32\ucrtbase.dll
0x00007ffbd4330000 - 0x00007ffbd45b4000 	C:\WINDOWS\WinSxS\amd64_microsoft.windows.common-controls_6595b64144ccf1df_6.0.18362.1316_none_9e7a364fe461dbd7\COMCTL32.dll
0x00007ffbe84e0000 - 0x00007ffbe8817000 	C:\WINDOWS\System32\combase.dll
0x00007ffbe6ef0000 - 0x00007ffbe6f71000 	C:\WINDOWS\System32\bcryptPrimitives.dll
0x00007ffbe7270000 - 0x00007ffbe729e000 	C:\WINDOWS\System32\IMM32.DLL
0x00000000707b0000 - 0x0000000070882000 	C:\Program Files\Java\librerias\jdk\jdk1.8.0_251\jre\bin\msvcr100.dll
0x000000006fb70000 - 0x000000007041b000 	C:\Program Files\Java\librerias\jdk\jdk1.8.0_251\jre\bin\server\jvm.dll
0x00007ffbe82c0000 - 0x00007ffbe82c8000 	C:\WINDOWS\System32\PSAPI.DLL
0x00007ffbe4130000 - 0x00007ffbe4139000 	C:\WINDOWS\SYSTEM32\WSOCK32.dll
0x00007ffbe40d0000 - 0x00007ffbe40f4000 	C:\WINDOWS\SYSTEM32\WINMM.dll
0x00007ffbe7a10000 - 0x00007ffbe7a7f000 	C:\WINDOWS\System32\WS2_32.dll
0x00007ffbdc970000 - 0x00007ffbdc97a000 	C:\WINDOWS\SYSTEM32\VERSION.dll
0x00007ffbe3fa0000 - 0x00007ffbe3fcd000 	C:\WINDOWS\SYSTEM32\winmmbase.dll
0x00007ffbe6570000 - 0x00007ffbe65ba000 	C:\WINDOWS\System32\cfgmgr32.dll
0x00007ffbdce80000 - 0x00007ffbdce8f000 	C:\Program Files\Java\librerias\jdk\jdk1.8.0_251\jre\bin\verify.dll
0x00007ffbdcd90000 - 0x00007ffbdcdb9000 	C:\Program Files\Java\librerias\jdk\jdk1.8.0_251\jre\bin\java.dll
0x00007ffbd1030000 - 0x00007ffbd1065000 	C:\Program Files\Java\librerias\jdk\jdk1.8.0_251\jre\bin\jdwp.dll
0x00007ffbd2a00000 - 0x00007ffbd2a08000 	C:\Program Files\Java\librerias\jdk\jdk1.8.0_251\jre\bin\npt.dll
0x00007ffbd68d0000 - 0x00007ffbd68e6000 	C:\Program Files\Java\librerias\jdk\jdk1.8.0_251\jre\bin\zip.dll
0x00007ffbe7bd0000 - 0x00007ffbe82b8000 	C:\WINDOWS\System32\SHELL32.dll
0x00007ffbe8d50000 - 0x00007ffbe8df7000 	C:\WINDOWS\System32\shcore.dll
0x00007ffbe6670000 - 0x00007ffbe6deb000 	C:\WINDOWS\System32\windows.storage.dll
0x00007ffbe6110000 - 0x00007ffbe6133000 	C:\WINDOWS\System32\profapi.dll
0x00007ffbe60c0000 - 0x00007ffbe610a000 	C:\WINDOWS\System32\powrprof.dll
0x00007ffbe6070000 - 0x00007ffbe6080000 	C:\WINDOWS\System32\UMPDC.dll
0x00007ffbe7340000 - 0x00007ffbe7392000 	C:\WINDOWS\System32\shlwapi.dll
0x00007ffbe6080000 - 0x00007ffbe6091000 	C:\WINDOWS\System32\kernel.appcore.dll
0x00007ffbe70b0000 - 0x00007ffbe70c7000 	C:\WINDOWS\System32\cryptsp.dll
0x00007ffbd2f90000 - 0x00007ffbd2f9b000 	C:\Program Files\Java\librerias\jdk\jdk1.8.0_251\jre\bin\dt_shmem.dll
0x00000000011e0000 - 0x00000000011e3000 	C:\Program Files\Java\librerias\jdk\jdk1.8.0_251\jre\bin\api-ms-win-core-console-l1-1-0.dll
0x00000000016e0000 - 0x00000000016e3000 	C:\Program Files\Java\librerias\jdk\jdk1.8.0_251\jre\bin\api-ms-win-core-datetime-l1-1-0.dll
0x00000000016f0000 - 0x00000000016f3000 	C:\Program Files\Java\librerias\jdk\jdk1.8.0_251\jre\bin\api-ms-win-core-debug-l1-1-0.dll
0x0000000001700000 - 0x0000000001703000 	C:\Program Files\Java\librerias\jdk\jdk1.8.0_251\jre\bin\api-ms-win-core-errorhandling-l1-1-0.dll
0x0000000001710000 - 0x0000000001714000 	C:\Program Files\Java\librerias\jdk\jdk1.8.0_251\jre\bin\api-ms-win-core-file-l1-1-0.dll
0x0000000001720000 - 0x0000000001723000 	C:\Program Files\Java\librerias\jdk\jdk1.8.0_251\jre\bin\api-ms-win-core-file-l1-2-0.dll
0x00000000017b0000 - 0x00000000017b3000 	C:\Program Files\Java\librerias\jdk\jdk1.8.0_251\jre\bin\api-ms-win-core-file-l2-1-0.dll
0x00000000017c0000 - 0x00000000017c3000 	C:\Program Files\Java\librerias\jdk\jdk1.8.0_251\jre\bin\api-ms-win-core-handle-l1-1-0.dll
0x00000000017d0000 - 0x00000000017d3000 	C:\Program Files\Java\librerias\jdk\jdk1.8.0_251\jre\bin\api-ms-win-core-heap-l1-1-0.dll
0x00000000017e0000 - 0x00000000017e3000 	C:\Program Files\Java\librerias\jdk\jdk1.8.0_251\jre\bin\api-ms-win-core-interlocked-l1-1-0.dll
0x00000000017f0000 - 0x00000000017f3000 	C:\Program Files\Java\librerias\jdk\jdk1.8.0_251\jre\bin\api-ms-win-core-libraryloader-l1-1-0.dll
0x0000000001800000 - 0x0000000001803000 	C:\Program Files\Java\librerias\jdk\jdk1.8.0_251\jre\bin\api-ms-win-core-localization-l1-2-0.dll
0x000000002f1b0000 - 0x000000002f1b3000 	C:\Program Files\Java\librerias\jdk\jdk1.8.0_251\jre\bin\api-ms-win-core-memory-l1-1-0.dll
0x000000002f1c0000 - 0x000000002f1c3000 	C:\Program Files\Java\librerias\jdk\jdk1.8.0_251\jre\bin\api-ms-win-core-namedpipe-l1-1-0.dll
0x000000002f1d0000 - 0x000000002f1d3000 	C:\Program Files\Java\librerias\jdk\jdk1.8.0_251\jre\bin\api-ms-win-core-processenvironment-l1-1-0.dll
0x000000002f1e0000 - 0x000000002f1e3000 	C:\Program Files\Java\librerias\jdk\jdk1.8.0_251\jre\bin\api-ms-win-core-processthreads-l1-1-0.dll
0x000000002f1f0000 - 0x000000002f1f3000 	C:\Program Files\Java\librerias\jdk\jdk1.8.0_251\jre\bin\api-ms-win-core-processthreads-l1-1-1.dll
0x000000002f200000 - 0x000000002f203000 	C:\Program Files\Java\librerias\jdk\jdk1.8.0_251\jre\bin\api-ms-win-core-profile-l1-1-0.dll
0x000000002f210000 - 0x000000002f213000 	C:\Program Files\Java\librerias\jdk\jdk1.8.0_251\jre\bin\api-ms-win-core-rtlsupport-l1-1-0.dll
0x000000002f220000 - 0x000000002f223000 	C:\Program Files\Java\librerias\jdk\jdk1.8.0_251\jre\bin\api-ms-win-core-string-l1-1-0.dll
0x000000002f230000 - 0x000000002f233000 	C:\Program Files\Java\librerias\jdk\jdk1.8.0_251\jre\bin\api-ms-win-core-synch-l1-1-0.dll
0x000000002f240000 - 0x000000002f243000 	C:\Program Files\Java\librerias\jdk\jdk1.8.0_251\jre\bin\api-ms-win-core-synch-l1-2-0.dll
0x000000002f250000 - 0x000000002f253000 	C:\Program Files\Java\librerias\jdk\jdk1.8.0_251\jre\bin\api-ms-win-core-sysinfo-l1-1-0.dll
0x000000002f260000 - 0x000000002f263000 	C:\Program Files\Java\librerias\jdk\jdk1.8.0_251\jre\bin\api-ms-win-core-timezone-l1-1-0.dll
0x000000002f270000 - 0x000000002f273000 	C:\Program Files\Java\librerias\jdk\jdk1.8.0_251\jre\bin\api-ms-win-core-util-l1-1-0.dll
0x000000002f280000 - 0x000000002f283000 	C:\Program Files\Java\librerias\jdk\jdk1.8.0_251\jre\bin\api-ms-win-crt-conio-l1-1-0.dll
0x000000002f290000 - 0x000000002f294000 	C:\Program Files\Java\librerias\jdk\jdk1.8.0_251\jre\bin\api-ms-win-crt-convert-l1-1-0.dll
0x000000002f2a0000 - 0x000000002f2a3000 	C:\Program Files\Java\librerias\jdk\jdk1.8.0_251\jre\bin\api-ms-win-crt-environment-l1-1-0.dll
0x000000002f2b0000 - 0x000000002f2b3000 	C:\Program Files\Java\librerias\jdk\jdk1.8.0_251\jre\bin\api-ms-win-crt-filesystem-l1-1-0.dll
0x000000002f2c0000 - 0x000000002f2c3000 	C:\Program Files\Java\librerias\jdk\jdk1.8.0_251\jre\bin\api-ms-win-crt-heap-l1-1-0.dll
0x000000002f2d0000 - 0x000000002f2d3000 	C:\Program Files\Java\librerias\jdk\jdk1.8.0_251\jre\bin\api-ms-win-crt-locale-l1-1-0.dll
0x000000002f2e0000 - 0x000000002f2e5000 	C:\Program Files\Java\librerias\jdk\jdk1.8.0_251\jre\bin\api-ms-win-crt-math-l1-1-0.dll
0x000000002f2f0000 - 0x000000002f2f5000 	C:\Program Files\Java\librerias\jdk\jdk1.8.0_251\jre\bin\api-ms-win-crt-multibyte-l1-1-0.dll
0x000000002f300000 - 0x000000002f310000 	C:\Program Files\Java\librerias\jdk\jdk1.8.0_251\jre\bin\api-ms-win-crt-private-l1-1-0.dll
0x000000002f310000 - 0x000000002f313000 	C:\Program Files\Java\librerias\jdk\jdk1.8.0_251\jre\bin\api-ms-win-crt-process-l1-1-0.dll
0x000000002f320000 - 0x000000002f324000 	C:\Program Files\Java\librerias\jdk\jdk1.8.0_251\jre\bin\api-ms-win-crt-runtime-l1-1-0.dll
0x000000002f330000 - 0x000000002f334000 	C:\Program Files\Java\librerias\jdk\jdk1.8.0_251\jre\bin\api-ms-win-crt-stdio-l1-1-0.dll
0x000000002f340000 - 0x000000002f344000 	C:\Program Files\Java\librerias\jdk\jdk1.8.0_251\jre\bin\api-ms-win-crt-string-l1-1-0.dll
0x000000002f350000 - 0x000000002f353000 	C:\Program Files\Java\librerias\jdk\jdk1.8.0_251\jre\bin\api-ms-win-crt-time-l1-1-0.dll
0x000000002f360000 - 0x000000002f363000 	C:\Program Files\Java\librerias\jdk\jdk1.8.0_251\jre\bin\api-ms-win-crt-utility-l1-1-0.dll
0x00007ffbc82e0000 - 0x00007ffbc83dc000 	C:\Program Files\Java\librerias\jdk\jdk1.8.0_251\jre\bin\ucrtbase.dll
0x00007ffbd01d0000 - 0x00007ffbd01e5000 	C:\Program Files\Java\librerias\jdk\jdk1.8.0_251\jre\bin\vcruntime140.dll
0x00007ffbb3820000 - 0x00007ffbb38bb000 	C:\Program Files\Java\librerias\jdk\jdk1.8.0_251\jre\bin\msvcp140.dll
0x00007ffbccae0000 - 0x00007ffbccb31000 	C:\Program Files\Java\librerias\jdk\jdk1.8.0_251\jre\bin\concrt140.dll
0x00007ffbcc6b0000 - 0x00007ffbcc6d3000 	C:\Program Files\Java\librerias\jdk\jdk1.8.0_251\jre\bin\prism_d3d.dll
0x00007ffbc3600000 - 0x00007ffbc37c7000 	C:\WINDOWS\system32\d3d9.dll
0x00007ffbe47f0000 - 0x00007ffbe481d000 	C:\WINDOWS\SYSTEM32\dwmapi.dll
0x00007ffbe4c90000 - 0x00007ffbe4cb0000 	C:\WINDOWS\SYSTEM32\dxcore.dll
0x00007ffbe43a0000 - 0x00007ffbe4439000 	C:\WINDOWS\system32\uxtheme.dll
0x00007ffbdc980000 - 0x00007ffbdca85000 	C:\WINDOWS\System32\DriverStore\FileRepository\nv_dispi.inf_amd64_aba80042aca9c3c9\nvldumdx.dll
0x00007ffbe60a0000 - 0x00007ffbe60b2000 	C:\WINDOWS\System32\msasn1.dll
0x00007ffbdc940000 - 0x00007ffbdc96f000 	C:\WINDOWS\SYSTEM32\cryptnet.dll
0x00007ffbe6140000 - 0x00007ffbe628a000 	C:\WINDOWS\System32\CRYPT32.dll
0x00007ffbe5a80000 - 0x00007ffbe5a8c000 	C:\WINDOWS\SYSTEM32\cryptbase.dll
0x00007ffbe6e90000 - 0x00007ffbe6eec000 	C:\WINDOWS\System32\WINTRUST.DLL
0x00007ffbe7660000 - 0x00007ffbe767d000 	C:\WINDOWS\System32\imagehlp.dll
0x00007ffbe5430000 - 0x00007ffbe5463000 	C:\WINDOWS\system32\rsaenh.dll
0x00007ffbe6290000 - 0x00007ffbe62b6000 	C:\WINDOWS\System32\bcrypt.dll
0x00007ffb81db0000 - 0x00007ffb839f8000 	C:\WINDOWS\System32\DriverStore\FileRepository\nv_dispi.inf_amd64_aba80042aca9c3c9\nvd3dumx.dll
0x00007ffbc79d0000 - 0x00007ffbc7a15000 	C:\Program Files\Java\librerias\jdk\jdk1.8.0_251\jre\bin\glass.dll
0x00007ffbe7a80000 - 0x00007ffbe7b50000 	C:\WINDOWS\System32\COMDLG32.dll
0x00007ffbe82d0000 - 0x00007ffbe8427000 	C:\WINDOWS\System32\ole32.dll
0x00007ffbe78d0000 - 0x00007ffbe7995000 	C:\WINDOWS\System32\OLEAUT32.dll
0x00007ffbe8e00000 - 0x00007ffbe8f35000 	C:\WINDOWS\System32\MSCTF.dll
0x00007ffbaaae0000 - 0x00007ffbaad99000 	C:\WINDOWS\system32\nvspcap64.dll
0x00007ffbe5090000 - 0x00007ffbe50c1000 	C:\WINDOWS\SYSTEM32\ntmarta.dll
0x00007ffbe4c40000 - 0x00007ffbe4c62000 	C:\WINDOWS\SYSTEM32\gpapi.dll
0x00007ffbe5f90000 - 0x00007ffbe5fb5000 	C:\WINDOWS\SYSTEM32\USERENV.dll
0x00007ffbd2e10000 - 0x00007ffbd2e2a000 	C:\Program Files\Java\librerias\jdk\jdk1.8.0_251\jre\bin\net.dll
0x00007ffbe58b0000 - 0x00007ffbe5917000 	C:\WINDOWS\system32\mswsock.dll
0x00007ffbe55c0000 - 0x00007ffbe55fa000 	C:\WINDOWS\SYSTEM32\IPHLPAPI.DLL
0x00007ffbe79a0000 - 0x00007ffbe79a8000 	C:\WINDOWS\System32\NSI.dll
0x00007ffbdda80000 - 0x00007ffbdda96000 	C:\WINDOWS\SYSTEM32\dhcpcsvc6.DLL
0x00007ffbddde0000 - 0x00007ffbdddfc000 	C:\WINDOWS\SYSTEM32\dhcpcsvc.DLL
0x00007ffbe5600000 - 0x00007ffbe56cb000 	C:\WINDOWS\SYSTEM32\DNSAPI.dll
0x00007ffbd2be0000 - 0x00007ffbd2bf2000 	C:\Program Files\Java\librerias\jdk\jdk1.8.0_251\jre\bin\nio.dll
0x0000000067780000 - 0x0000000067856000 	C:\Users\ROBEG\AppData\Local\Temp\sqlite-3.32.3.2-06f6cef7-8c61-4923-b8c9-28071b5b43eb-sqlitejdbc.dll
0x00007ffbd01b0000 - 0x00007ffbd01c4000 	C:\Program Files\Java\librerias\jdk\jdk1.8.0_251\jre\bin\javafx_font.dll
0x00007ffbd4cf0000 - 0x00007ffbd4fee000 	C:\WINDOWS\SYSTEM32\dwrite.dll
0x00007ffbe8f40000 - 0x00007ffbe8fe2000 	C:\WINDOWS\System32\clbcatq.dll
0x00007ffbdfb60000 - 0x00007ffbdfd0f000 	C:\WINDOWS\SYSTEM32\WindowsCodecs.dll
0x00007ffbc5930000 - 0x00007ffbc596b000 	C:\WINDOWS\system32\dataexchange.dll
0x00007ffbe3940000 - 0x00007ffbe3b1d000 	C:\WINDOWS\system32\dcomp.dll
0x00007ffbe3270000 - 0x00007ffbe34cb000 	C:\WINDOWS\system32\d3d11.dll
0x00007ffbe4d20000 - 0x00007ffbe4e0b000 	C:\WINDOWS\system32\dxgi.dll
0x00007ffbe4470000 - 0x00007ffbe46ca000 	C:\WINDOWS\system32\twinapi.appcore.dll

VM Arguments:
jvm_args: -Dfile.encoding=UTF-8 -DFile.encoding=UTF-8 -XX:+UseG1GC -agentlib:jdwp=transport=dt_shmem,address=javadebug 
java_command: LanguageApp.main.MainScene
java_class_path (initial): C:\Program Files\Java\librerias\jmetro\jmetro-8.6.13.jar;C:\Program Files\Java\librerias\jmetro\jmetro-8.6.13-javadoc.jar;C:\Program Files\Java\librerias\gson\gson\2.8.6\gson-2.8.6.jar;C:\Program Files\Java\librerias\gson\gson\2.8.6\gson-2.8.6-javadoc.jar;C:\Program Files\Java\librerias\JFoenix-master\From Github\jfoenix-8.0.10.jar;C:\Program Files\Java\librerias\JFoenix-master\From Github\jfoenix-8.0.10-javadoc.jar;C:\Program Files\Java\librerias\jdbc\SQLite\sqlite-jdbc-3.32.3.2.jar;C:\Program Files\Java\librerias\jdbc\SQLite\sqlite-jdbc-3.32.3.2-javadoc.jar;D:\wamp64\www\dreamweaver\NetBeansProjects\LanguageApp\build\classes
Launcher Type: SUN_STANDARD

Environment Variables:
JAVA_HOME=C:\Program Files\Java\librerias\jdk\jdk1.8.0_251
CLASSPATH=.;.;C:\PROGRA~2\JMF2.1.1e\lib\sound.jar;C:\PROGRA~2\JMF2.1.1e\lib\jmf.jar;C:\PROGRA~2\JMF2.1.1e\lib;C:\Program Files\Java\librerias\javafx\javafx-sdk-14.0.1\lib
PATH=C:\Program Files\NVIDIA GPU Computing Toolkit\CUDA\v11.2\bin;C:\Program Files\NVIDIA GPU Computing Toolkit\CUDA\v11.2\libnvvp;D:\Program Files (x86)\Python38-32\Scripts\;D:\Program Files (x86)\Python38-32\;D:\Program Files\Python38\Scripts\;D:\Program Files\Python38\;C:\ProgramData\Oracle\Java\javapath;C:\Program Files\NVIDIA GPU Computing Toolkit\CUDA\v10.1\bin;C:\Program Files\NVIDIA GPU Computing Toolkit\CUDA\v10.1\libnvvp;C:\oraclexe\app\oracle\product\11.2.0\server\bin;C:\Program Files\MongoDB\Server\4.0\bin;D:\Program Files\PuTTY\;C:\Program Files\NVIDIA Corporation\NVIDIA NvDLISR;C:\Program Files (x86)\NVIDIA Corporation\PhysX\Common;C:\WINDOWS\system32;C:\WINDOWS;C:\WINDOWS\System32\Wbem;C:\WINDOWS\System32\WindowsPowerShell\v1.0\;C:\WINDOWS\System32\OpenSSH\;C:\Program Files\Calibre2\;C:\Program Files\dotnet\;C:\Program Files\Microsoft SQL Server\130\Tools\Binn\;D:\Program Files (x86)\cygwin64\bin\;D:\Program Files (x86)\cygwin64\lib;D:\Program Files\nodejs\;C:\ProgramData\chocolatey\bin;;C:\Users\ROBEG\Desktop\PhoenixSuit_V1.10\
USERNAME=ROBEG
OS=Windows_NT
PROCESSOR_IDENTIFIER=Intel64 Family 6 Model 158 Stepping 10, GenuineIntel



---------------  S Y S T E M  ---------------

OS: Windows 10.0 , 64 bit Build 18362 (10.0.18362.1316)

CPU:total 12 (initial active 12) (6 cores per cpu, 2 threads per core) family 6 model 158 stepping 10, cmov, cx8, fxsr, mmx, sse, sse2, sse3, ssse3, sse4.1, sse4.2, popcnt, avx, avx2, aes, clmul, erms, rtm, 3dnowpref, lzcnt, ht, tsc, tscinvbit, bmi1, bmi2, adx

Memory: 4k page, physical 33475900k(650580k free), swap 106104696k(156k free)

vm_info: Java HotSpot(TM) 64-Bit Server VM (25.251-b08) for windows-amd64 JRE (1.8.0_251-b08), built on Mar 12 2020 06:31:49 by "" with MS VC++ 10.0 (VS2010)

time: Sun Jan 31 13:39:13 2021
timezone: Hora estndar romance
elapsed time: 2901 seconds (0d 0h 48m 21s)

